null
null
null
null
2025-06-29 12:29:34 [ERROR]: Invalid security configuration [
  {
    "code": "invalid_type",
    "expected": "string",
    "received": "undefined",
    "path": [
      "SESSION_SECRET"
    ],
    "message": "Required"
  }
] {"service":"finishthisidea-platform","version":"1.0.0","environment":"development","issues":[{"code":"invalid_type","expected":"string","received":"undefined","path":["SESSION_SECRET"],"message":"Required"}],"name":"ZodError","stack":"ZodError: [\n  {\n    \"code\": \"invalid_type\",\n    \"expected\": \"string\",\n    \"received\": \"undefined\",\n    \"path\": [\n      \"SESSION_SECRET\"\n    ],\n    \"message\": \"Required\"\n  }\n]\n    at get error [as error] (/Users/matthewmauer/Desktop/Document-Generator/FinishThisIdea-Complete/node_modules/zod/dist/cjs/v3/types.js:45:31)\n    at ZodObject.parse (/Users/matthewmauer/Desktop/Document-Generator/FinishThisIdea-Complete/node_modules/zod/dist/cjs/v3/types.js:120:22)\n    at <anonymous> (/Users/matthewmauer/Desktop/Document-Generator/FinishThisIdea-Complete/src/config/security.config.ts:95:38)\n    at Object.<anonymous> (/Users/matthewmauer/Desktop/Document-Generator/FinishThisIdea-Complete/src/config/security.config.ts:314:16)\n    at Module._compile (node:internal/modules/cjs/loader:1364:14)\n    at Object.transformer (/Users/matthewmauer/Desktop/Document-Generator/FinishThisIdea-Complete/node_modules/tsx/dist/register-D46fvsV_.cjs:3:1104)\n    at Module.load (node:internal/modules/cjs/loader:1203:32)\n    at Module._load (node:internal/modules/cjs/loader:1019:12)\n    at Module.require (node:internal/modules/cjs/loader:1231:19)\n    at require (node:internal/modules/helpers:177:18)\n    at jwt (/Users/matthewmauer/Desktop/Document-Generator/FinishThisIdea-Complete/src/middleware/auth.middleware.ts:9:26)\n    at Object.<anonymous> (/Users/matthewmauer/Desktop/Document-Generator/FinishThisIdea-Complete/src/middleware/auth.middleware.ts:404:17)\n    at Module._compile (node:internal/modules/cjs/loader:1364:14)\n    at Object.transformer (/Users/matthewmauer/Desktop/Document-Generator/FinishThisIdea-Complete/node_modules/tsx/dist/register-D46fvsV_.cjs:3:1104)\n    at Module.load (node:internal/modules/cjs/loader:1203:32)\n    at Module._load (node:internal/modules/cjs/loader:1019:12)"}
null
null
null
null
null
null
null
null
null
null
null
